<?xml version="1.0" encoding="UTF-8"?>
<!-- Generated by org.testng.reporters.JUnitReportReporter -->
<testsuite hostname="DESKTOP-MQJN69E" failures="0" tests="2" name="TestNG.HomeTest" time="13.469" errors="0" timestamp="2023-05-07T12:52:16 IST" skipped="0">
  <testcase classname="TestNG.HomeTest" name="validateUserIsOnHomePage" time="7.592"/>
  <system-out/>
  <testcase classname="TestNG.HomeTest" name="validateProductAddedSuccessfullyDisplayedForSingleProduct" time="5.877"/>
  <system-out/>
</testsuite> <!-- TestNG.HomeTest -->
