<?xml version="1.0" encoding="UTF-8"?>
<!-- Generated by org.testng.reporters.JUnitReportReporter -->
<testsuite hostname="DESKTOP-MQJN69E" failures="0" tests="1" name="TestNG.PaymentTest" time="10.082" errors="0" timestamp="2023-05-07T12:52:16 IST" skipped="0">
  <testcase classname="TestNG.PaymentTest" name="selectCorrectCountry" time="10.082"/>
  <system-out/>
</testsuite> <!-- TestNG.PaymentTest -->
