<?xml version="1.0" encoding="UTF-8"?>
<!-- Generated by org.testng.reporters.JUnitReportReporter -->
<testsuite hostname="DESKTOP-MQJN69E" failures="0" tests="1" name="TestNG.CartTest" time="11.249" errors="0" timestamp="2023-05-07T12:52:16 IST" skipped="0">
  <testcase classname="TestNG.CartTest" name="validateProductsCountAddedIntoCart" time="11.249"/>
  <system-out/>
</testsuite> <!-- TestNG.CartTest -->
